[2026-07-04T21:25:51.645Z] GET http://localhost:8899/?r=1783200350 → 200 (8ms, 20608B)
[2026-07-04T21:25:51.662Z] GET https://fonts.googleapis.com/css2?family=Nunito:wght@600;700;800;900&display=swap → pending (?ms, ?B)
[2026-07-04T21:25:51.662Z] GET http://localhost:8899/styles.css → 200 (7ms, 18399B)
[2026-07-04T21:25:51.663Z] GET http://localhost:8899/assets/app-store-badge.svg → 200 (11ms, 10804B)
[2026-07-04T21:25:51.663Z] GET http://localhost:8899/assets/ohmie-happy.webp → 200 (9ms, 16478B)
[2026-07-04T21:25:51.663Z] GET http://localhost:8899/script.js → 200 (12ms, 4938B)
[2026-07-04T21:25:51.787Z] GET https://fonts.gstatic.com/s/nunito/v32/XRXV3I6Li01BKofINeaBTMnFcQ.woff2 → 200 (51ms, 39152B)
[2026-07-04T21:25:51.787Z] GET http://localhost:8899/assets/screen-5.webp → 200 (1ms, 12614B)
[2026-07-04T21:25:51.787Z] GET http://localhost:8899/assets/screen-4.webp → 200 (1ms, 24394B)
[2026-07-04T21:25:51.787Z] GET http://localhost:8899/assets/screen-1.webp → 200 (3ms, 38584B)
[2026-07-04T21:25:51.787Z] GET http://localhost:8899/assets/screen-6.webp → 200 (3ms, 28762B)
[2026-07-04T21:25:52.261Z] GET http://localhost:8899/?r=1783200350 → 200 (2ms, 20608B)
[2026-07-04T21:25:52.264Z] GET https://fonts.googleapis.com/css2?family=Nunito:wght@600;700;800;900&display=swap → 200 (?ms, 7388B)
[2026-07-04T21:25:52.265Z] GET http://localhost:8899/styles.css → 200 (?ms, 18399B)
[2026-07-04T21:25:52.265Z] GET http://localhost:8899/assets/app-store-badge.svg → 200 (?ms, 10804B)
[2026-07-04T21:25:52.265Z] GET http://localhost:8899/assets/ohmie-happy.webp → 200 (?ms, 16478B)
[2026-07-04T21:25:52.265Z] GET http://localhost:8899/script.js → 200 (?ms, 4938B)
[2026-07-04T21:25:52.266Z] GET http://localhost:8899/assets/screen-5.webp → 200 (?ms, 12614B)
[2026-07-04T21:25:52.266Z] GET http://localhost:8899/assets/screen-4.webp → 200 (?ms, 24394B)
[2026-07-04T21:25:52.266Z] GET http://localhost:8899/assets/screen-6.webp → 200 (?ms, 28762B)
[2026-07-04T21:25:52.266Z] GET http://localhost:8899/assets/screen-1.webp → 200 (?ms, 38584B)
[2026-07-04T21:25:52.267Z] GET https://fonts.gstatic.com/s/nunito/v32/XRXV3I6Li01BKofINeaBTMnFcQ.woff2 → 200 (?ms, ?B)
